<?xml version="1.0" encoding="UTF-8"?>
<!-- Generated by org.testng.reporters.JUnitReportReporter -->
<testsuite skipped="0" hostname="LAPTOP-BLC6BO9P" name="org.test.TesttNng" tests="1" failures="0" timestamp="08 Jun 2022 14:10:01 GMT" time="0.005" errors="0">
  <testcase name="tesy" time="0.005" classname="org.test.TesttNng"/>
</testsuite> <!-- org.test.TesttNng -->
